# JRE version: Java(TM) SE Runtime Environment (24.0.2+12) (build 24.0.2+12-54)
# Java VM: Java HotSpot(TM) 64-Bit Server VM (24.0.2+12-54, mixed mode, sharing, tiered, compressed oops, compressed class ptrs, g1 gc, windows-amd64)
GC Precious Log:
 CardTable entry size: 512
 Card Set container configuration: InlinePtr #cards 4 size 8 Array Of Cards #cards 16 size 48 Howl #buckets 8 coarsen threshold 3686 Howl Bitmap #cards 512 size 80 coarsen threshold 460 Card regions per heap region 1 cards per card region 4096
 CPUs: 16 total, 16 available
 Memory: 16125M
 Large Page Support: Disabled
 NUMA Support: Disabled
 Compressed Oops: Enabled (Zero based)
 Heap Region Size: 2M
 Heap Min Capacity: 8M
 Heap Initial Capacity: 252M
 Heap Max Capacity: 4032M
 Pre-touch: Disabled
 Parallel Workers: 13
 Concurrent Workers: 3
 Concurrent Refinement Workers: 13
 Periodic GC: Disabled
Heap:
 garbage-first heap   total reserved 4128768K, committed 131072K, used 84065K [0x0000000704000000, 0x0000000800000000)
  region size 2048K, 25 young (51200K), 3 survivors (6144K)
 Metaspace       used 88963K, committed 90176K, reserved 1179648K
  class space    used 8941K, committed 9536K, reserved 1048576K
GC Heap History (20 events):
Event: 182.800 GC heap before
{Heap before GC invocations=111 (full 28):
 garbage-first heap   total reserved 4128768K, committed 137216K, used 69241K [0x0000000704000000, 0x0000000800000000)
  region size 2048K, 18 young (36864K), 4 survivors (8192K)
 Metaspace       used 83098K, committed 84288K, reserved 1179648K
  class space    used 8297K, committed 8896K, reserved 1048576K
}
Event: 182.836 GC heap after
{Heap after GC invocations=112 (full 29):
 garbage-first heap   total reserved 4128768K, committed 131072K, used 36312K [0x0000000704000000, 0x0000000800000000)
  region size 2048K, 0 young (0K), 0 survivors (0K)
 Metaspace       used 83095K, committed 84288K, reserved 1179648K
  class space    used 8297K, committed 8896K, reserved 1048576K
}
Event: 183.124 GC heap before
{Heap before GC invocations=112 (full 29):
 garbage-first heap   total reserved 4128768K, committed 131072K, used 107992K [0x0000000704000000, 0x0000000800000000)
  region size 2048K, 36 young (73728K), 0 survivors (0K)
 Metaspace       used 83348K, committed 84480K, reserved 1179648K
  class space    used 8317K, committed 8896K, reserved 1048576K
}
Event: 183.128 GC heap after
{Heap after GC invocations=113 (full 29):
 garbage-first heap   total reserved 4128768K, committed 131072K, used 42272K [0x0000000704000000, 0x0000000800000000)
  region size 2048K, 3 young (6144K), 3 survivors (6144K)
 Metaspace       used 83348K, committed 84480K, reserved 1179648K
  class space    used 8317K, committed 8896K, reserved 1048576K
}
Event: 186.608 GC heap before
{Heap before GC invocations=114 (full 29):
 garbage-first heap   total reserved 4128768K, committed 131072K, used 68896K [0x0000000704000000, 0x0000000800000000)
  region size 2048K, 17 young (34816K), 3 survivors (6144K)
 Metaspace       used 83350K, committed 84544K, reserved 1179648K
  class space    used 8318K, committed 8896K, reserved 1048576K
}
Event: 186.642 GC heap after
{Heap after GC invocations=115 (full 30):
 garbage-first heap   total reserved 4128768K, committed 131072K, used 36536K [0x0000000704000000, 0x0000000800000000)
  region size 2048K, 0 young (0K), 0 survivors (0K)
 Metaspace       used 83348K, committed 84544K, reserved 1179648K
  class space    used 8317K, committed 8896K, reserved 1048576K
}
Event: 186.994 GC heap before
{Heap before GC invocations=115 (full 30):
 garbage-first heap   total reserved 4128768K, committed 131072K, used 106168K [0x0000000704000000, 0x0000000800000000)
  region size 2048K, 35 young (71680K), 0 survivors (0K)
 Metaspace       used 83596K, committed 84800K, reserved 1179648K
  class space    used 8338K, committed 8960K, reserved 1048576K
}
Event: 186.997 GC heap after
{Heap after GC invocations=116 (full 30):
 garbage-first heap   total reserved 4128768K, committed 131072K, used 42680K [0x0000000704000000, 0x0000000800000000)
  region size 2048K, 3 young (6144K), 3 survivors (6144K)
 Metaspace       used 83596K, committed 84800K, reserved 1179648K
  class space    used 8338K, committed 8960K, reserved 1048576K
}
Event: 191.501 GC heap before
{Heap before GC invocations=117 (full 30):
 garbage-first heap   total reserved 4128768K, committed 131072K, used 69304K [0x0000000704000000, 0x0000000800000000)
  region size 2048K, 17 young (34816K), 3 survivors (6144K)
 Metaspace       used 83599K, committed 84800K, reserved 1179648K
  class space    used 8338K, committed 8960K, reserved 1048576K
}
Event: 191.537 GC heap after
{Heap after GC invocations=118 (full 31):
 garbage-first heap   total reserved 4128768K, committed 131072K, used 36754K [0x0000000704000000, 0x0000000800000000)
  region size 2048K, 0 young (0K), 0 survivors (0K)
 Metaspace       used 83596K, committed 84800K, reserved 1179648K
  class space    used 8338K, committed 8960K, reserved 1048576K
}
Event: 191.815 GC heap before
{Heap before GC invocations=118 (full 31):
 garbage-first heap   total reserved 4128768K, committed 131072K, used 106386K [0x0000000704000000, 0x0000000800000000)
  region size 2048K, 34 young (69632K), 0 survivors (0K)
 Metaspace       used 83978K, committed 85120K, reserved 1179648K
  class space    used 8359K, committed 8960K, reserved 1048576K
}
Event: 191.818 GC heap after
{Heap after GC invocations=119 (full 31):
 garbage-first heap   total reserved 4128768K, committed 131072K, used 42707K [0x0000000704000000, 0x0000000800000000)
  region size 2048K, 3 young (6144K), 3 survivors (6144K)
 Metaspace       used 83978K, committed 85120K, reserved 1179648K
  class space    used 8359K, committed 8960K, reserved 1048576K
}
Event: 193.300 GC heap before
{Heap before GC invocations=120 (full 31):
 garbage-first heap   total reserved 4128768K, committed 131072K, used 73427K [0x0000000704000000, 0x0000000800000000)
  region size 2048K, 19 young (38912K), 3 survivors (6144K)
 Metaspace       used 84048K, committed 85184K, reserved 1179648K
  class space    used 8360K, committed 8960K, reserved 1048576K
}
Event: 193.333 GC heap after
{Heap after GC invocations=121 (full 32):
 garbage-first heap   total reserved 4128768K, committed 131072K, used 36971K [0x0000000704000000, 0x0000000800000000)
  region size 2048K, 0 young (0K), 0 survivors (0K)
 Metaspace       used 84045K, committed 85184K, reserved 1179648K
  class space    used 8359K, committed 8960K, reserved 1048576K
}
Event: 193.607 GC heap before
{Heap before GC invocations=121 (full 32):
 garbage-first heap   total reserved 4128768K, committed 131072K, used 106603K [0x0000000704000000, 0x0000000800000000)
  region size 2048K, 35 young (71680K), 0 survivors (0K)
 Metaspace       used 84293K, committed 85504K, reserved 1179648K
  class space    used 8378K, committed 9024K, reserved 1048576K
}
Event: 193.610 GC heap after
{Heap after GC invocations=122 (full 32):
 garbage-first heap   total reserved 4128768K, committed 131072K, used 42887K [0x0000000704000000, 0x0000000800000000)
  region size 2048K, 3 young (6144K), 3 survivors (6144K)
 Metaspace       used 84293K, committed 85504K, reserved 1179648K
  class space    used 8378K, committed 9024K, reserved 1048576K
}
Event: 201.096 GC heap before
{Heap before GC invocations=122 (full 32):
 garbage-first heap   total reserved 4128768K, committed 131072K, used 71559K [0x0000000704000000, 0x0000000800000000)
  region size 2048K, 18 young (36864K), 3 survivors (6144K)
 Metaspace       used 84297K, committed 85504K, reserved 1179648K
  class space    used 8379K, committed 9024K, reserved 1048576K
}
Event: 201.130 GC heap after
{Heap after GC invocations=123 (full 33):
 garbage-first heap   total reserved 4128768K, committed 131072K, used 37178K [0x0000000704000000, 0x0000000800000000)
  region size 2048K, 0 young (0K), 0 survivors (0K)
 Metaspace       used 84294K, committed 85504K, reserved 1179648K
  class space    used 8378K, committed 9024K, reserved 1048576K
}
Event: 201.401 GC heap before
{Heap before GC invocations=123 (full 33):
 garbage-first heap   total reserved 4128768K, committed 131072K, used 106810K [0x0000000704000000, 0x0000000800000000)
  region size 2048K, 35 young (71680K), 0 survivors (0K)
 Metaspace       used 84564K, committed 85824K, reserved 1179648K
  class space    used 8397K, committed 9024K, reserved 1048576K
}
Event: 201.404 GC heap after
{Heap after GC invocations=124 (full 33):
 garbage-first heap   total reserved 4128768K, committed 131072K, used 43105K [0x0000000704000000, 0x0000000800000000)
  region size 2048K, 3 young (6144K), 3 survivors (6144K)
 Metaspace       used 84564K, committed 85824K, reserved 1179648K
  class space    used 8397K, committed 9024K, reserved 1048576K
}

